<?xml version="1.0" encoding="UTF-8"?>
<testsuite name="com.vidyaschool.app.SocketTest" tests="1" skipped="0" failures="0" errors="0" timestamp="2026-07-04T08:40:48" hostname="ubuntu" time="20.055">
  <properties/>
  <testcase name="testSocketConnection" classname="com.vidyaschool.app.SocketTest" time="20.055"/>
  <system-out><![CDATA[Starting socket test...
Test finished. completed: false
]]></system-out>
  <system-err><![CDATA[Jul 04, 2026 2:10:50 PM io.socket.thread.EventThread$2 run
SEVERE: Task threw exception
java.lang.RuntimeException: Method getJSONArray in org.json.JSONObject not mocked. See https://developer.android.com/r/studio-ui/build/not-mocked for details.
	at org.json.JSONObject.getJSONArray(JSONObject.java)
	at io.socket.engineio.client.HandshakeData.<init>(HandshakeData.java:20)
	at io.socket.engineio.client.HandshakeData.<init>(HandshakeData.java:16)
	at io.socket.engineio.client.Socket.onPacket(Socket.java:539)
	at io.socket.engineio.client.Socket.access$1000(Socket.java:29)
	at io.socket.engineio.client.Socket$5.call(Socket.java:335)
	at io.socket.emitter.Emitter.emit(Emitter.java:117)
	at io.socket.engineio.client.Transport.onPacket(Transport.java:124)
	at io.socket.engineio.client.transports.Polling.access$700(Polling.java:17)
	at io.socket.engineio.client.transports.Polling$2.call(Polling.java:126)
	at io.socket.engineio.parser.Parser.decodePayload(Parser.java:131)
	at io.socket.engineio.client.transports.Polling._onData(Polling.java:131)
	at io.socket.engineio.client.transports.Polling.onData(Polling.java:101)
	at io.socket.engineio.client.transports.PollingXHR$5$1.run(PollingXHR.java:115)
	at io.socket.thread.EventThread$2.run(EventThread.java:80)
	at java.base/java.util.concurrent.ThreadPoolExecutor.runWorker(ThreadPoolExecutor.java:1144)
	at java.base/java.util.concurrent.ThreadPoolExecutor$Worker.run(ThreadPoolExecutor.java:642)
	at java.base/java.lang.Thread.run(Thread.java:1583)

Exception in thread "EventThread" java.lang.RuntimeException: Method getJSONArray in org.json.JSONObject not mocked. See https://developer.android.com/r/studio-ui/build/not-mocked for details.
	at org.json.JSONObject.getJSONArray(JSONObject.java)
	at io.socket.engineio.client.HandshakeData.<init>(HandshakeData.java:20)
	at io.socket.engineio.client.HandshakeData.<init>(HandshakeData.java:16)
	at io.socket.engineio.client.Socket.onPacket(Socket.java:539)
	at io.socket.engineio.client.Socket.access$1000(Socket.java:29)
	at io.socket.engineio.client.Socket$5.call(Socket.java:335)
	at io.socket.emitter.Emitter.emit(Emitter.java:117)
	at io.socket.engineio.client.Transport.onPacket(Transport.java:124)
	at io.socket.engineio.client.transports.Polling.access$700(Polling.java:17)
	at io.socket.engineio.client.transports.Polling$2.call(Polling.java:126)
	at io.socket.engineio.parser.Parser.decodePayload(Parser.java:131)
	at io.socket.engineio.client.transports.Polling._onData(Polling.java:131)
	at io.socket.engineio.client.transports.Polling.onData(Polling.java:101)
	at io.socket.engineio.client.transports.PollingXHR$5$1.run(PollingXHR.java:115)
	at io.socket.thread.EventThread$2.run(EventThread.java:80)
	at java.base/java.util.concurrent.ThreadPoolExecutor.runWorker(ThreadPoolExecutor.java:1144)
	at java.base/java.util.concurrent.ThreadPoolExecutor$Worker.run(ThreadPoolExecutor.java:642)
	at java.base/java.lang.Thread.run(Thread.java:1583)
]]></system-err>
</testsuite>
